mode: set
github.com/TyphonHill/go-mermaid/examples/flowcharts/simple-flowchart/main.go:9.13,42.2 25 0
github.com/TyphonHill/go-mermaid/examples/classdiagram/simple-class-diagram/main.go:9.13,68.2 44 0
github.com/TyphonHill/go-mermaid/examples/flowcharts/classes/main.go:9.13,53.2 33 0
github.com/TyphonHill/go-mermaid/examples/flowcharts/subgraphs/main.go:9.13,32.2 17 0
github.com/TyphonHill/go-mermaid/sequencediagram/actor.go:17.33,23.2 3 0
github.com/TyphonHill/go-mermaid/sequencediagram/participant.go:18.64,24.2 2 0
github.com/TyphonHill/go-mermaid/sequencediagram/participant.go:26.39,29.22 2 0
github.com/TyphonHill/go-mermaid/sequencediagram/participant.go:29.22,31.3 1 0
github.com/TyphonHill/go-mermaid/sequencediagram/participant.go:31.8,33.3 1 0
github.com/TyphonHill/go-mermaid/sequencediagram/participant.go:35.2,35.20 1 0
github.com/TyphonHill/go-mermaid/sequencediagram/sequencediagram.go:19.65,23.2 2 0
github.com/TyphonHill/go-mermaid/sequencediagram/sequencediagram.go:25.44,28.23 2 0
github.com/TyphonHill/go-mermaid/sequencediagram/sequencediagram.go:28.23,30.3 1 0
github.com/TyphonHill/go-mermaid/sequencediagram/sequencediagram.go:32.2,34.46 2 0
github.com/TyphonHill/go-mermaid/sequencediagram/sequencediagram.go:34.46,36.3 1 0
github.com/TyphonHill/go-mermaid/sequencediagram/sequencediagram.go:38.2,38.34 1 0
github.com/TyphonHill/go-mermaid/sequencediagram/sequencediagram.go:38.34,40.3 1 0
github.com/TyphonHill/go-mermaid/sequencediagram/sequencediagram.go:42.2,42.20 1 0
github.com/TyphonHill/go-mermaid/sequencediagram/sequencediagram.go:45.86,51.2 3 0
github.com/TyphonHill/go-mermaid/classdiagram/class.go:35.46,41.2 2 1
github.com/TyphonHill/go-mermaid/classdiagram/class.go:43.60,49.2 3 1
github.com/TyphonHill/go-mermaid/classdiagram/class.go:51.80,57.2 3 1
github.com/TyphonHill/go-mermaid/classdiagram/class.go:59.54,63.22 3 1
github.com/TyphonHill/go-mermaid/classdiagram/class.go:63.22,65.3 1 1
github.com/TyphonHill/go-mermaid/classdiagram/class.go:67.2,69.41 2 1
github.com/TyphonHill/go-mermaid/classdiagram/class.go:69.41,71.3 1 1
github.com/TyphonHill/go-mermaid/classdiagram/class.go:73.2,73.33 1 1
github.com/TyphonHill/go-mermaid/classdiagram/class.go:73.33,75.3 1 1
github.com/TyphonHill/go-mermaid/classdiagram/class.go:77.2,77.35 1 1
github.com/TyphonHill/go-mermaid/classdiagram/class.go:77.35,79.3 1 1
github.com/TyphonHill/go-mermaid/classdiagram/class.go:81.2,83.20 2 1
github.com/TyphonHill/go-mermaid/classdiagram/classdiagram.go:34.56,40.2 2 1
github.com/TyphonHill/go-mermaid/classdiagram/classdiagram.go:42.41,45.23 2 1
github.com/TyphonHill/go-mermaid/classdiagram/classdiagram.go:45.23,47.3 1 1
github.com/TyphonHill/go-mermaid/classdiagram/classdiagram.go:49.2,53.32 3 1
github.com/TyphonHill/go-mermaid/classdiagram/classdiagram.go:53.32,55.3 1 1
github.com/TyphonHill/go-mermaid/classdiagram/classdiagram.go:57.2,57.42 1 1
github.com/TyphonHill/go-mermaid/classdiagram/classdiagram.go:57.42,59.3 1 1
github.com/TyphonHill/go-mermaid/classdiagram/classdiagram.go:61.2,61.35 1 1
github.com/TyphonHill/go-mermaid/classdiagram/classdiagram.go:61.35,63.3 1 1
github.com/TyphonHill/go-mermaid/classdiagram/classdiagram.go:65.2,65.40 1 1
github.com/TyphonHill/go-mermaid/classdiagram/classdiagram.go:65.40,67.3 1 1
github.com/TyphonHill/go-mermaid/classdiagram/classdiagram.go:69.2,69.20 1 1
github.com/TyphonHill/go-mermaid/classdiagram/classdiagram.go:72.77,78.2 3 1
github.com/TyphonHill/go-mermaid/classdiagram/classdiagram.go:80.60,84.2 2 1
github.com/TyphonHill/go-mermaid/classdiagram/classdiagram.go:86.87,87.22 1 1
github.com/TyphonHill/go-mermaid/classdiagram/classdiagram.go:87.22,90.3 2 1
github.com/TyphonHill/go-mermaid/classdiagram/classdiagram.go:90.8,92.3 1 1
github.com/TyphonHill/go-mermaid/classdiagram/classdiagram.go:94.2,94.8 1 1
github.com/TyphonHill/go-mermaid/classdiagram/classdiagram.go:97.91,103.2 3 1
github.com/TyphonHill/go-mermaid/classdiagram/field.go:34.69,42.2 2 1
github.com/TyphonHill/go-mermaid/classdiagram/field.go:44.33,50.2 3 1
github.com/TyphonHill/go-mermaid/classdiagram/method.go:41.49,48.2 2 1
github.com/TyphonHill/go-mermaid/classdiagram/method.go:50.67,52.2 1 1
github.com/TyphonHill/go-mermaid/classdiagram/method.go:54.34,58.37 3 1
github.com/TyphonHill/go-mermaid/classdiagram/method.go:58.37,60.3 1 1
github.com/TyphonHill/go-mermaid/classdiagram/method.go:61.2,65.20 3 1
github.com/TyphonHill/go-mermaid/classdiagram/namespace.go:18.58,24.2 2 1
github.com/TyphonHill/go-mermaid/classdiagram/namespace.go:26.61,32.2 3 1
github.com/TyphonHill/go-mermaid/classdiagram/namespace.go:34.37,37.24 2 1
github.com/TyphonHill/go-mermaid/classdiagram/namespace.go:37.24,40.35 2 1
github.com/TyphonHill/go-mermaid/classdiagram/namespace.go:40.35,42.4 1 1
github.com/TyphonHill/go-mermaid/classdiagram/namespace.go:44.3,44.41 1 1
github.com/TyphonHill/go-mermaid/classdiagram/namespace.go:47.2,47.20 1 1
github.com/TyphonHill/go-mermaid/classdiagram/note.go:18.57,25.2 2 1
github.com/TyphonHill/go-mermaid/classdiagram/note.go:27.32,30.20 2 1
github.com/TyphonHill/go-mermaid/classdiagram/note.go:30.20,32.3 1 1
github.com/TyphonHill/go-mermaid/classdiagram/note.go:32.8,34.3 1 1
github.com/TyphonHill/go-mermaid/classdiagram/note.go:36.2,36.20 1 1
github.com/TyphonHill/go-mermaid/classdiagram/relation.go:52.72,60.2 2 1
github.com/TyphonHill/go-mermaid/classdiagram/relation.go:62.36,66.22 3 1
github.com/TyphonHill/go-mermaid/classdiagram/relation.go:66.22,68.3 1 1
github.com/TyphonHill/go-mermaid/classdiagram/relation.go:70.2,72.20 2 1
github.com/TyphonHill/go-mermaid/flowchart/class.go:20.46,27.2 2 1
github.com/TyphonHill/go-mermaid/flowchart/class.go:30.33,33.20 2 1
github.com/TyphonHill/go-mermaid/flowchart/class.go:33.20,35.3 1 1
github.com/TyphonHill/go-mermaid/flowchart/class.go:37.2,37.20 1 1
github.com/TyphonHill/go-mermaid/flowchart/flowchart.go:62.47,69.2 2 1
github.com/TyphonHill/go-mermaid/flowchart/flowchart.go:72.29,77.2 3 1
github.com/TyphonHill/go-mermaid/flowchart/flowchart.go:80.37,85.22 3 1
github.com/TyphonHill/go-mermaid/flowchart/flowchart.go:85.22,87.3 1 1
github.com/TyphonHill/go-mermaid/flowchart/flowchart.go:89.2,89.36 1 1
github.com/TyphonHill/go-mermaid/flowchart/flowchart.go:89.36,91.3 1 1
github.com/TyphonHill/go-mermaid/flowchart/flowchart.go:93.2,95.34 2 1
github.com/TyphonHill/go-mermaid/flowchart/flowchart.go:95.34,97.3 1 1
github.com/TyphonHill/go-mermaid/flowchart/flowchart.go:99.2,99.31 1 1
github.com/TyphonHill/go-mermaid/flowchart/flowchart.go:99.31,101.3 1 1
github.com/TyphonHill/go-mermaid/flowchart/flowchart.go:103.2,103.39 1 1
github.com/TyphonHill/go-mermaid/flowchart/flowchart.go:103.39,105.3 1 1
github.com/TyphonHill/go-mermaid/flowchart/flowchart.go:107.2,107.31 1 1
github.com/TyphonHill/go-mermaid/flowchart/flowchart.go:107.31,109.3 1 1
github.com/TyphonHill/go-mermaid/flowchart/flowchart.go:111.2,113.20 2 1
github.com/TyphonHill/go-mermaid/flowchart/flowchart.go:117.71,123.2 3 1
github.com/TyphonHill/go-mermaid/flowchart/flowchart.go:126.58,132.2 3 1
github.com/TyphonHill/go-mermaid/flowchart/flowchart.go:135.67,141.2 3 1
github.com/TyphonHill/go-mermaid/flowchart/flowchart.go:144.61,150.2 3 1
github.com/TyphonHill/go-mermaid/flowchart/link.go:48.52,59.2 2 1
github.com/TyphonHill/go-mermaid/flowchart/link.go:62.32,66.32 3 1
github.com/TyphonHill/go-mermaid/flowchart/link.go:66.32,68.3 1 1
github.com/TyphonHill/go-mermaid/flowchart/link.go:70.2,71.21 2 1
github.com/TyphonHill/go-mermaid/flowchart/link.go:71.21,73.3 1 1
github.com/TyphonHill/go-mermaid/flowchart/link.go:75.2,77.20 2 1
github.com/TyphonHill/go-mermaid/flowchart/node.go:43.54,51.2 2 1
github.com/TyphonHill/go-mermaid/flowchart/node.go:54.32,59.20 3 1
github.com/TyphonHill/go-mermaid/flowchart/node.go:59.20,61.3 1 1
github.com/TyphonHill/go-mermaid/flowchart/node.go:63.2,65.20 2 1
github.com/TyphonHill/go-mermaid/flowchart/node.go:65.20,67.3 1 1
github.com/TyphonHill/go-mermaid/flowchart/node.go:69.2,69.20 1 1
github.com/TyphonHill/go-mermaid/flowchart/nodestyle.go:25.47,32.2 2 1
github.com/TyphonHill/go-mermaid/flowchart/nodestyle.go:35.37,38.19 2 1
github.com/TyphonHill/go-mermaid/flowchart/nodestyle.go:38.19,40.3 1 1
github.com/TyphonHill/go-mermaid/flowchart/nodestyle.go:42.2,42.18 1 1
github.com/TyphonHill/go-mermaid/flowchart/nodestyle.go:42.18,44.3 1 1
github.com/TyphonHill/go-mermaid/flowchart/nodestyle.go:46.2,46.20 1 1
github.com/TyphonHill/go-mermaid/flowchart/nodestyle.go:46.20,48.3 1 1
github.com/TyphonHill/go-mermaid/flowchart/nodestyle.go:50.2,50.23 1 1
github.com/TyphonHill/go-mermaid/flowchart/nodestyle.go:50.23,52.3 1 1
github.com/TyphonHill/go-mermaid/flowchart/nodestyle.go:54.2,54.24 1 1
github.com/TyphonHill/go-mermaid/flowchart/nodestyle.go:54.24,56.3 1 1
github.com/TyphonHill/go-mermaid/flowchart/nodestyle.go:58.2,58.39 1 1
github.com/TyphonHill/go-mermaid/flowchart/subgraph.go:37.67,45.2 2 1
github.com/TyphonHill/go-mermaid/flowchart/subgraph.go:48.70,54.2 3 1
github.com/TyphonHill/go-mermaid/flowchart/subgraph.go:57.66,63.2 3 1
github.com/TyphonHill/go-mermaid/flowchart/subgraph.go:66.57,72.42 4 1
github.com/TyphonHill/go-mermaid/flowchart/subgraph.go:72.42,74.3 1 1
github.com/TyphonHill/go-mermaid/flowchart/subgraph.go:76.2,78.39 2 1
github.com/TyphonHill/go-mermaid/flowchart/subgraph.go:78.39,80.3 1 1
github.com/TyphonHill/go-mermaid/flowchart/subgraph.go:82.2,82.31 1 1
github.com/TyphonHill/go-mermaid/flowchart/subgraph.go:82.31,84.3 1 1
github.com/TyphonHill/go-mermaid/flowchart/subgraph.go:86.2,88.20 2 1
